The system is: Darwin - 14.3.0 - x86_64
Compiling the C compiler identification source file "CMakeCCompilerId.c" succeeded.
Compiler: /usr/bin/cc 
Build flags: 
Id flags: 

The output was:
0


Compilation of the C compiler identification source "CMakeCCompilerId.c" produced "a.out"

The C compiler identification is AppleClang, found in "/Users/sarahazouvi/gameoflife/GameOfLife/build/CMakeFiles/3.1.2/CompilerIdC/a.out"

Compiling the CXX compiler identification source file "CMakeCXXCompilerId.cpp" succeeded.
Compiler: /usr/bin/c++ 
Build flags: 
Id flags: 

The output was:
0


Compilation of the CXX compiler identification source "CMakeCXXCompilerId.cpp" produced "a.out"

The CXX compiler identification is AppleClang, found in "/Users/sarahazouvi/gameoflife/GameOfLife/build/CMakeFiles/3.1.2/CompilerIdCXX/a.out"

Determining if the C compiler works passed with the following output:
Change Dir: /Users/sarahazouvi/gameoflife/GameOfLife/build/CMakeFiles/CMakeTmp

Run Build Command:"/usr/bin/make" "cmTryCompileExec142714615/fast"
/Applications/Xcode.app/Contents/Developer/usr/bin/make -f CMakeFiles/cmTryCompileExec142714615.dir/build.make CMakeFiles/cmTryCompileExec142714615.dir/build
/usr/local/Cellar/cmake/3.1.2/bin/cmake -E cmake_progress_report /Users/sarahazouvi/gameoflife/GameOfLife/build/CMakeFiles/CMakeTmp/CMakeFiles 1
Building C object CMakeFiles/cmTryCompileExec142714615.dir/testCCompiler.c.o
/usr/bin/cc    -o CMakeFiles/cmTryCompileExec142714615.dir/testCCompiler.c.o   -c /Users/sarahazouvi/gameoflife/GameOfLife/build/CMakeFiles/CMakeTmp/testCCompiler.c
Linking C executable cmTryCompileExec142714615
/usr/local/Cellar/cmake/3.1.2/bin/cmake -E cmake_link_script CMakeFiles/cmTryCompileExec142714615.dir/link.txt --verbose=1
/usr/bin/cc    -Wl,-search_paths_first -Wl,-headerpad_max_install_names  CMakeFiles/cmTryCompileExec142714615.dir/testCCompiler.c.o  -o cmTryCompileExec142714615  


Detecting C compiler ABI info compiled with the following output:
Change Dir: /Users/sarahazouvi/gameoflife/GameOfLife/build/CMakeFiles/CMakeTmp

Run Build Command:"/usr/bin/make" "cmTryCompileExec79610427/fast"
/Applications/Xcode.app/Contents/Developer/usr/bin/make -f CMakeFiles/cmTryCompileExec79610427.dir/build.make CMakeFiles/cmTryCompileExec79610427.dir/build
/usr/local/Cellar/cmake/3.1.2/bin/cmake -E cmake_progress_report /Users/sarahazouvi/gameoflife/GameOfLife/build/CMakeFiles/CMakeTmp/CMakeFiles 1
Building C object CMakeFiles/cmTryCompileExec79610427.dir/CMakeCCompilerABI.c.o
/usr/bin/cc    -o CMakeFiles/cmTryCompileExec79610427.dir/CMakeCCompilerABI.c.o   -c /usr/local/Cellar/cmake/3.1.2/share/cmake/Modules/CMakeCCompilerABI.c
Linking C executable cmTryCompileExec79610427
/usr/local/Cellar/cmake/3.1.2/bin/cmake -E cmake_link_script CMakeFiles/cmTryCompileExec79610427.dir/link.txt --verbose=1
/usr/bin/cc    -Wl,-search_paths_first -Wl,-headerpad_max_install_names -v -Wl,-v CMakeFiles/cmTryCompileExec79610427.dir/CMakeCCompilerABI.c.o  -o cmTryCompileExec79610427   
Apple LLVM version 6.1.0 (clang-602.0.49) (based on LLVM 3.6.0svn)
Target: x86_64-apple-darwin14.3.0
Thread model: posix
 "/Applications/Xcode.app/Contents/Developer/Toolchains/XcodeDefault.xctoolchain/usr/bin/ld" -demangle -dynamic -arch x86_64 -macosx_version_min 10.10.0 -o cmTryCompileExec79610427 -search_paths_first -headerpad_max_install_names -v CMakeFiles/cmTryCompileExec79610427.dir/CMakeCCompilerABI.c.o -lSystem /Applications/Xcode.app/Contents/Developer/Toolchains/XcodeDefault.xctoolchain/usr/bin/../lib/clang/6.1.0/lib/darwin/libclang_rt.osx.a
@(#)PROGRAM:ld  PROJECT:ld64-242
configured to support archs: armv6 armv7 armv7s arm64 i386 x86_64 x86_64h armv6m armv7m armv7em
Library search paths:
	/usr/lib
	/usr/local/lib
Framework search paths:
	/Library/Frameworks/
	/System/Library/Frameworks/


Parsed C implicit link information from above output:
  link line regex: [^( *|.*[/\])(ld|([^/\]+-)?ld|collect2)[^/\]*( |$)]
  ignore line: [Change Dir: /Users/sarahazouvi/gameoflife/GameOfLife/build/CMakeFiles/CMakeTmp]
  ignore line: []
  ignore line: [Run Build Command:"/usr/bin/make" "cmTryCompileExec79610427/fast"]
  ignore line: [/Applications/Xcode.app/Contents/Developer/usr/bin/make -f CMakeFiles/cmTryCompileExec79610427.dir/build.make CMakeFiles/cmTryCompileExec79610427.dir/build]
  ignore line: [/usr/local/Cellar/cmake/3.1.2/bin/cmake -E cmake_progress_report /Users/sarahazouvi/gameoflife/GameOfLife/build/CMakeFiles/CMakeTmp/CMakeFiles 1]
  ignore line: [Building C object CMakeFiles/cmTryCompileExec79610427.dir/CMakeCCompilerABI.c.o]
  ignore line: [/usr/bin/cc    -o CMakeFiles/cmTryCompileExec79610427.dir/CMakeCCompilerABI.c.o   -c /usr/local/Cellar/cmake/3.1.2/share/cmake/Modules/CMakeCCompilerABI.c]
  ignore line: [Linking C executable cmTryCompileExec79610427]
  ignore line: [/usr/local/Cellar/cmake/3.1.2/bin/cmake -E cmake_link_script CMakeFiles/cmTryCompileExec79610427.dir/link.txt --verbose=1]
  ignore line: [/usr/bin/cc    -Wl,-search_paths_first -Wl,-headerpad_max_install_names -v -Wl,-v CMakeFiles/cmTryCompileExec79610427.dir/CMakeCCompilerABI.c.o  -o cmTryCompileExec79610427   ]
  ignore line: [Apple LLVM version 6.1.0 (clang-602.0.49) (based on LLVM 3.6.0svn)]
  ignore line: [Target: x86_64-apple-darwin14.3.0]
  ignore line: [Thread model: posix]
  link line: [ "/Applications/Xcode.app/Contents/Developer/Toolchains/XcodeDefault.xctoolchain/usr/bin/ld" -demangle -dynamic -arch x86_64 -macosx_version_min 10.10.0 -o cmTryCompileExec79610427 -search_paths_first -headerpad_max_install_names -v CMakeFiles/cmTryCompileExec79610427.dir/CMakeCCompilerABI.c.o -lSystem /Applications/Xcode.app/Contents/Developer/Toolchains/XcodeDefault.xctoolchain/usr/bin/../lib/clang/6.1.0/lib/darwin/libclang_rt.osx.a]
    arg [/Applications/Xcode.app/Contents/Developer/Toolchains/XcodeDefault.xctoolchain/usr/bin/ld] ==> ignore
    arg [-demangle] ==> ignore
    arg [-dynamic] ==> ignore
    arg [-arch] ==> ignore
    arg [x86_64] ==> ignore
    arg [-macosx_version_min] ==> ignore
    arg [10.10.0] ==> ignore
    arg [-o] ==> ignore
    arg [cmTryCompileExec79610427] ==> ignore
    arg [-search_paths_first] ==> ignore
    arg [-headerpad_max_install_names] ==> ignore
    arg [-v] ==> ignore
    arg [CMakeFiles/cmTryCompileExec79610427.dir/CMakeCCompilerABI.c.o] ==> ignore
    arg [-lSystem] ==> lib [System]
    arg [/Applications/Xcode.app/Contents/Developer/Toolchains/XcodeDefault.xctoolchain/usr/bin/../lib/clang/6.1.0/lib/darwin/libclang_rt.osx.a] ==> lib [/Applications/Xcode.app/Contents/Developer/Toolchains/XcodeDefault.xctoolchain/usr/bin/../lib/clang/6.1.0/lib/darwin/libclang_rt.osx.a]
  Library search paths: [;/usr/lib;/usr/local/lib]
  Framework search paths: [;/Library/Frameworks/;/System/Library/Frameworks/]
  remove lib [System]
  collapse lib [/Applications/Xcode.app/Contents/Developer/Toolchains/XcodeDefault.xctoolchain/usr/bin/../lib/clang/6.1.0/lib/darwin/libclang_rt.osx.a] ==> [/Applications/Xcode.app/Contents/Developer/Toolchains/XcodeDefault.xctoolchain/usr/lib/clang/6.1.0/lib/darwin/libclang_rt.osx.a]
  collapse library dir [/usr/lib] ==> [/usr/lib]
  collapse library dir [/usr/local/lib] ==> [/usr/local/lib]
  collapse framework dir [/Library/Frameworks/] ==> [/Library/Frameworks]
  collapse framework dir [/System/Library/Frameworks/] ==> [/System/Library/Frameworks]
  implicit libs: [/Applications/Xcode.app/Contents/Developer/Toolchains/XcodeDefault.xctoolchain/usr/lib/clang/6.1.0/lib/darwin/libclang_rt.osx.a]
  implicit dirs: [/usr/lib;/usr/local/lib]
  implicit fwks: [/Library/Frameworks;/System/Library/Frameworks]


Determining if the CXX compiler works passed with the following output:
Change Dir: /Users/sarahazouvi/gameoflife/GameOfLife/build/CMakeFiles/CMakeTmp

Run Build Command:"/usr/bin/make" "cmTryCompileExec344788337/fast"
/Applications/Xcode.app/Contents/Developer/usr/bin/make -f CMakeFiles/cmTryCompileExec344788337.dir/build.make CMakeFiles/cmTryCompileExec344788337.dir/build
/usr/local/Cellar/cmake/3.1.2/bin/cmake -E cmake_progress_report /Users/sarahazouvi/gameoflife/GameOfLife/build/CMakeFiles/CMakeTmp/CMakeFiles 1
Building CXX object CMakeFiles/cmTryCompileExec344788337.dir/testCXXCompiler.cxx.o
/usr/bin/c++     -o CMakeFiles/cmTryCompileExec344788337.dir/testCXXCompiler.cxx.o -c /Users/sarahazouvi/gameoflife/GameOfLife/build/CMakeFiles/CMakeTmp/testCXXCompiler.cxx
Linking CXX executable cmTryCompileExec344788337
/usr/local/Cellar/cmake/3.1.2/bin/cmake -E cmake_link_script CMakeFiles/cmTryCompileExec344788337.dir/link.txt --verbose=1
/usr/bin/c++     -Wl,-search_paths_first -Wl,-headerpad_max_install_names  CMakeFiles/cmTryCompileExec344788337.dir/testCXXCompiler.cxx.o  -o cmTryCompileExec344788337  


Detecting CXX compiler ABI info compiled with the following output:
Change Dir: /Users/sarahazouvi/gameoflife/GameOfLife/build/CMakeFiles/CMakeTmp

Run Build Command:"/usr/bin/make" "cmTryCompileExec3637334106/fast"
/Applications/Xcode.app/Contents/Developer/usr/bin/make -f CMakeFiles/cmTryCompileExec3637334106.dir/build.make CMakeFiles/cmTryCompileExec3637334106.dir/build
/usr/local/Cellar/cmake/3.1.2/bin/cmake -E cmake_progress_report /Users/sarahazouvi/gameoflife/GameOfLife/build/CMakeFiles/CMakeTmp/CMakeFiles 1
Building CXX object CMakeFiles/cmTryCompileExec3637334106.dir/CMakeCXXCompilerABI.cpp.o
/usr/bin/c++     -o CMakeFiles/cmTryCompileExec3637334106.dir/CMakeCXXCompilerABI.cpp.o -c /usr/local/Cellar/cmake/3.1.2/share/cmake/Modules/CMakeCXXCompilerABI.cpp
Linking CXX executable cmTryCompileExec3637334106
/usr/local/Cellar/cmake/3.1.2/bin/cmake -E cmake_link_script CMakeFiles/cmTryCompileExec3637334106.dir/link.txt --verbose=1
/usr/bin/c++     -Wl,-search_paths_first -Wl,-headerpad_max_install_names -v -Wl,-v CMakeFiles/cmTryCompileExec3637334106.dir/CMakeCXXCompilerABI.cpp.o  -o cmTryCompileExec3637334106   
Apple LLVM version 6.1.0 (clang-602.0.49) (based on LLVM 3.6.0svn)
Target: x86_64-apple-darwin14.3.0
Thread model: posix
 "/Applications/Xcode.app/Contents/Developer/Toolchains/XcodeDefault.xctoolchain/usr/bin/ld" -demangle -dynamic -arch x86_64 -macosx_version_min 10.10.0 -o cmTryCompileExec3637334106 -search_paths_first -headerpad_max_install_names -v CMakeFiles/cmTryCompileExec3637334106.dir/CMakeCXXCompilerABI.cpp.o -lc++ -lSystem /Applications/Xcode.app/Contents/Developer/Toolchains/XcodeDefault.xctoolchain/usr/bin/../lib/clang/6.1.0/lib/darwin/libclang_rt.osx.a
@(#)PROGRAM:ld  PROJECT:ld64-242
configured to support archs: armv6 armv7 armv7s arm64 i386 x86_64 x86_64h armv6m armv7m armv7em
Library search paths:
	/usr/lib
	/usr/local/lib
Framework search paths:
	/Library/Frameworks/
	/System/Library/Frameworks/


Parsed CXX implicit link information from above output:
  link line regex: [^( *|.*[/\])(ld|([^/\]+-)?ld|collect2)[^/\]*( |$)]
  ignore line: [Change Dir: /Users/sarahazouvi/gameoflife/GameOfLife/build/CMakeFiles/CMakeTmp]
  ignore line: []
  ignore line: [Run Build Command:"/usr/bin/make" "cmTryCompileExec3637334106/fast"]
  ignore line: [/Applications/Xcode.app/Contents/Developer/usr/bin/make -f CMakeFiles/cmTryCompileExec3637334106.dir/build.make CMakeFiles/cmTryCompileExec3637334106.dir/build]
  ignore line: [/usr/local/Cellar/cmake/3.1.2/bin/cmake -E cmake_progress_report /Users/sarahazouvi/gameoflife/GameOfLife/build/CMakeFiles/CMakeTmp/CMakeFiles 1]
  ignore line: [Building CXX object CMakeFiles/cmTryCompileExec3637334106.dir/CMakeCXXCompilerABI.cpp.o]
  ignore line: [/usr/bin/c++     -o CMakeFiles/cmTryCompileExec3637334106.dir/CMakeCXXCompilerABI.cpp.o -c /usr/local/Cellar/cmake/3.1.2/share/cmake/Modules/CMakeCXXCompilerABI.cpp]
  ignore line: [Linking CXX executable cmTryCompileExec3637334106]
  ignore line: [/usr/local/Cellar/cmake/3.1.2/bin/cmake -E cmake_link_script CMakeFiles/cmTryCompileExec3637334106.dir/link.txt --verbose=1]
  ignore line: [/usr/bin/c++     -Wl,-search_paths_first -Wl,-headerpad_max_install_names -v -Wl,-v CMakeFiles/cmTryCompileExec3637334106.dir/CMakeCXXCompilerABI.cpp.o  -o cmTryCompileExec3637334106   ]
  ignore line: [Apple LLVM version 6.1.0 (clang-602.0.49) (based on LLVM 3.6.0svn)]
  ignore line: [Target: x86_64-apple-darwin14.3.0]
  ignore line: [Thread model: posix]
  link line: [ "/Applications/Xcode.app/Contents/Developer/Toolchains/XcodeDefault.xctoolchain/usr/bin/ld" -demangle -dynamic -arch x86_64 -macosx_version_min 10.10.0 -o cmTryCompileExec3637334106 -search_paths_first -headerpad_max_install_names -v CMakeFiles/cmTryCompileExec3637334106.dir/CMakeCXXCompilerABI.cpp.o -lc++ -lSystem /Applications/Xcode.app/Contents/Developer/Toolchains/XcodeDefault.xctoolchain/usr/bin/../lib/clang/6.1.0/lib/darwin/libclang_rt.osx.a]
    arg [/Applications/Xcode.app/Contents/Developer/Toolchains/XcodeDefault.xctoolchain/usr/bin/ld] ==> ignore
    arg [-demangle] ==> ignore
    arg [-dynamic] ==> ignore
    arg [-arch] ==> ignore
    arg [x86_64] ==> ignore
    arg [-macosx_version_min] ==> ignore
    arg [10.10.0] ==> ignore
    arg [-o] ==> ignore
    arg [cmTryCompileExec3637334106] ==> ignore
    arg [-search_paths_first] ==> ignore
    arg [-headerpad_max_install_names] ==> ignore
    arg [-v] ==> ignore
    arg [CMakeFiles/cmTryCompileExec3637334106.dir/CMakeCXXCompilerABI.cpp.o] ==> ignore
    arg [-lc++] ==> lib [c++]
    arg [-lSystem] ==> lib [System]
    arg [/Applications/Xcode.app/Contents/Developer/Toolchains/XcodeDefault.xctoolchain/usr/bin/../lib/clang/6.1.0/lib/darwin/libclang_rt.osx.a] ==> lib [/Applications/Xcode.app/Contents/Developer/Toolchains/XcodeDefault.xctoolchain/usr/bin/../lib/clang/6.1.0/lib/darwin/libclang_rt.osx.a]
  Library search paths: [;/usr/lib;/usr/local/lib]
  Framework search paths: [;/Library/Frameworks/;/System/Library/Frameworks/]
  remove lib [System]
  collapse lib [/Applications/Xcode.app/Contents/Developer/Toolchains/XcodeDefault.xctoolchain/usr/bin/../lib/clang/6.1.0/lib/darwin/libclang_rt.osx.a] ==> [/Applications/Xcode.app/Contents/Developer/Toolchains/XcodeDefault.xctoolchain/usr/lib/clang/6.1.0/lib/darwin/libclang_rt.osx.a]
  collapse library dir [/usr/lib] ==> [/usr/lib]
  collapse library dir [/usr/local/lib] ==> [/usr/local/lib]
  collapse framework dir [/Library/Frameworks/] ==> [/Library/Frameworks]
  collapse framework dir [/System/Library/Frameworks/] ==> [/System/Library/Frameworks]
  implicit libs: [c++;/Applications/Xcode.app/Contents/Developer/Toolchains/XcodeDefault.xctoolchain/usr/lib/clang/6.1.0/lib/darwin/libclang_rt.osx.a]
  implicit dirs: [/usr/lib;/usr/local/lib]
  implicit fwks: [/Library/Frameworks;/System/Library/Frameworks]


